[2013-09-13 19:29:43] START
[2013-09-13 19:30:38] CREATE control.py: 0
[2013-09-13 19:31:04] EDIT control/controllers/control.py: 1
[2013-09-13 19:31:30] CREATE control.html: 0
[2013-09-13 19:31:52] EDIT control/views/control.html: 0
[2013-09-13 19:32:05] EDIT control/views/control.html: 0
[2013-09-13 19:43:40] EDIT control/views/default/index.html: -13
[2013-09-13 20:15:49] EDIT control/views/control.html: 1
[2013-09-13 20:16:13] EDIT control/views/control.html: -1
[2013-09-13 20:18:01] EDIT control/models/menu.py: 0
[2013-09-14 18:04:33] EDIT control/controllers/control.py: 0
[2013-09-14 18:06:12] EDIT control/views/layout.html: 1
[2013-09-14 18:06:34] EDIT control/views/layout.html: 0
[2013-09-14 18:07:10] EDIT control/views/layout.html: -1
[2013-09-14 18:10:28] EDIT control/views/web2py_ajax.html: 1
[2013-09-14 18:10:46] EDIT control/views/web2py_ajax.html: -1
[2013-09-14 18:14:30] UPLOAD /home/yanina/web2py/applications/control/static/imagen4.jpg: 20
[2013-09-14 18:15:34] EDIT control/views/layout.html: 0
[2013-09-14 18:16:59] EDIT control/views/layout.html: 0
[2013-09-14 18:18:34] EDIT control/views/layout.html: 1
[2013-09-14 18:20:09] EDIT control/models/menu.py: 1
[2013-09-14 18:20:34] EDIT control/models/menu.py: -1
[2013-09-14 18:20:45] EDIT control/views/layout.html: -1
[2013-09-14 18:22:56] EDIT control/models/menu.py: 0
[2013-09-14 18:23:34] EDIT control/models/menu.py: -1
[2013-09-14 18:24:01] EDIT control/models/menu.py: 0
[2013-09-14 18:24:48] EDIT control/models/menu.py: 1
[2013-09-14 18:27:15] EDIT control/models/menu.py: 0
[2013-09-14 18:29:47] EDIT control/controllers/default.py: 0
[2013-09-14 18:31:33] EDIT control/controllers/default.py: 0
[2013-09-14 18:32:37] EDIT control/controllers/default.py: 0
[2013-09-14 18:34:09] EDIT control/controllers/default.py: 0
[2013-09-14 18:35:00] EDIT control/models/menu.py: -1
[2013-09-14 18:35:29] EDIT control/models/menu.py: 0
[2013-09-14 18:35:41] EDIT control/models/menu.py: 1
[2013-09-14 18:37:27] EDIT control/controllers/default.py: 1
[2013-09-14 18:37:36] EDIT control/controllers/default.py: 0
[2013-09-14 18:38:02] DELETE control/views/control.html: -3
[2013-09-14 18:38:42] EDIT control/views/default/index.html: 1
[2013-09-14 18:38:57] EDIT control/views/default/index.html: -1
[2013-09-14 18:39:11] EDIT control/controllers/default.py: -1
[2013-09-14 18:39:17] EDIT control/models/menu.py: 0
[2013-09-17 16:32:16] EDIT control/controllers/default.py: 0
